2024-11-05T02:59:45.521-05:00  INFO 13724 --- [SysPasteleriaDulcesitoFx] [JavaFX-Launcher] o.s.boot.SpringApplication               : Starting application using Java 22 with PID 13724 (started by ASUS in C:\EVALUACION (YEFRI-ANDRE)\EVALUACION-U2\SysPasteleriaDulcesitoFx)
2024-11-05T02:59:45.539-05:00  INFO 13724 --- [SysPasteleriaDulcesitoFx] [JavaFX-Launcher] o.s.boot.SpringApplication               : No active profile set, falling back to 1 default profile: "default"
2024-11-05T02:59:46.578-05:00  INFO 13724 --- [SysPasteleriaDulcesitoFx] [JavaFX-Launcher] .s.d.r.c.RepositoryConfigurationDelegate : Bootstrapping Spring Data JPA repositories in DEFAULT mode.
2024-11-05T02:59:46.703-05:00  INFO 13724 --- [SysPasteleriaDulcesitoFx] [JavaFX-Launcher] .s.d.r.c.RepositoryConfigurationDelegate : Finished Spring Data repository scanning in 114 ms. Found 15 JPA repository interfaces.
2024-11-05T02:59:47.236-05:00  INFO 13724 --- [SysPasteleriaDulcesitoFx] [JavaFX-Launcher] o.hibernate.jpa.internal.util.LogHelper  : HHH000204: Processing PersistenceUnitInfo [name: default]
2024-11-05T02:59:47.335-05:00  INFO 13724 --- [SysPasteleriaDulcesitoFx] [JavaFX-Launcher] org.hibernate.Version                    : HHH000412: Hibernate ORM core version 6.5.3.Final
2024-11-05T02:59:47.389-05:00  INFO 13724 --- [SysPasteleriaDulcesitoFx] [JavaFX-Launcher] o.h.c.internal.RegionFactoryInitiator    : HHH000026: Second-level cache disabled
2024-11-05T02:59:47.781-05:00  INFO 13724 --- [SysPasteleriaDulcesitoFx] [JavaFX-Launcher] o.s.o.j.p.SpringPersistenceUnitInfo      : No LoadTimeWeaver setup: ignoring JPA class transformer
2024-11-05T02:59:47.813-05:00  INFO 13724 --- [SysPasteleriaDulcesitoFx] [JavaFX-Launcher] com.zaxxer.hikari.HikariDataSource       : HikariPool-1 - Starting...
2024-11-05T02:59:48.422-05:00  INFO 13724 --- [SysPasteleriaDulcesitoFx] [JavaFX-Launcher] com.zaxxer.hikari.pool.HikariPool        : HikariPool-1 - Added connection org.sqlite.jdbc4.JDBC4Connection@32e2e285
2024-11-05T02:59:48.425-05:00  INFO 13724 --- [SysPasteleriaDulcesitoFx] [JavaFX-Launcher] com.zaxxer.hikari.HikariDataSource       : HikariPool-1 - Start completed.
2024-11-05T02:59:49.987-05:00  INFO 13724 --- [SysPasteleriaDulcesitoFx] [JavaFX-Launcher] o.h.e.t.j.p.i.JtaPlatformInitiator       : HHH000489: No JTA platform available (set 'hibernate.transaction.jta.platform' to enable JTA platform integration)
2024-11-05T02:59:50.038-05:00  INFO 13724 --- [SysPasteleriaDulcesitoFx] [JavaFX-Launcher] j.LocalContainerEntityManagerFactoryBean : Initialized JPA EntityManagerFactory for persistence unit 'default'
2024-11-05T02:59:50.383-05:00  INFO 13724 --- [SysPasteleriaDulcesitoFx] [JavaFX-Launcher] o.s.d.j.r.query.QueryEnhancerFactory     : Hibernate is in classpath; If applicable, HQL parser will be used.
2024-11-05T02:59:50.831-05:00  INFO 13724 --- [SysPasteleriaDulcesitoFx] [JavaFX-Launcher] o.s.boot.SpringApplication               : Started application in 6.208 seconds (process running for 7.482)
2024-11-05T03:09:37.975-05:00  INFO 13724 --- [SysPasteleriaDulcesitoFx] [SpringApplicationShutdownHook] j.LocalContainerEntityManagerFactoryBean : Closing JPA EntityManagerFactory for persistence unit 'default'
2024-11-05T03:09:38.158-05:00  INFO 13724 --- [SysPasteleriaDulcesitoFx] [SpringApplicationShutdownHook] com.zaxxer.hikari.HikariDataSource       : HikariPool-1 - Shutdown initiated...
2024-11-05T03:09:38.218-05:00  INFO 13724 --- [SysPasteleriaDulcesitoFx] [SpringApplicationShutdownHook] com.zaxxer.hikari.HikariDataSource       : HikariPool-1 - Shutdown completed.
2024-11-05T03:09:49.886-05:00  INFO 1192 --- [SysPasteleriaDulcesitoFx] [JavaFX-Launcher] o.s.boot.SpringApplication               : Starting application using Java 22 with PID 1192 (started by ASUS in C:\EVALUACION (YEFRI-ANDRE)\EVALUACION-U2\SysPasteleriaDulcesitoFx)
2024-11-05T03:09:49.893-05:00  INFO 1192 --- [SysPasteleriaDulcesitoFx] [JavaFX-Launcher] o.s.boot.SpringApplication               : No active profile set, falling back to 1 default profile: "default"
2024-11-05T03:09:52.672-05:00  INFO 1192 --- [SysPasteleriaDulcesitoFx] [JavaFX-Launcher] .s.d.r.c.RepositoryConfigurationDelegate : Bootstrapping Spring Data JPA repositories in DEFAULT mode.
2024-11-05T03:09:52.891-05:00  INFO 1192 --- [SysPasteleriaDulcesitoFx] [JavaFX-Launcher] .s.d.r.c.RepositoryConfigurationDelegate : Finished Spring Data repository scanning in 202 ms. Found 15 JPA repository interfaces.
2024-11-05T03:09:53.784-05:00  INFO 1192 --- [SysPasteleriaDulcesitoFx] [JavaFX-Launcher] o.hibernate.jpa.internal.util.LogHelper  : HHH000204: Processing PersistenceUnitInfo [name: default]
2024-11-05T03:09:53.893-05:00  INFO 1192 --- [SysPasteleriaDulcesitoFx] [JavaFX-Launcher] org.hibernate.Version                    : HHH000412: Hibernate ORM core version 6.5.3.Final
2024-11-05T03:09:53.956-05:00  INFO 1192 --- [SysPasteleriaDulcesitoFx] [JavaFX-Launcher] o.h.c.internal.RegionFactoryInitiator    : HHH000026: Second-level cache disabled
2024-11-05T03:09:54.460-05:00  INFO 1192 --- [SysPasteleriaDulcesitoFx] [JavaFX-Launcher] o.s.o.j.p.SpringPersistenceUnitInfo      : No LoadTimeWeaver setup: ignoring JPA class transformer
2024-11-05T03:09:54.502-05:00  INFO 1192 --- [SysPasteleriaDulcesitoFx] [JavaFX-Launcher] com.zaxxer.hikari.HikariDataSource       : HikariPool-1 - Starting...
2024-11-05T03:09:54.552-05:00 ERROR 1192 --- [SysPasteleriaDulcesitoFx] [JavaFX-Launcher] org.sqlite.SQLiteJDBCLoader              : Failed to delete old native lib

java.nio.file.AccessDeniedException: C:\Users\ASUS\AppData\Local\Temp\sqlite-3.46.0.0-9729cba7-08d9-4f6d-968e-b3e289a62659-sqlitejdbc.dll
	at java.base/sun.nio.fs.WindowsException.translateToIOException(WindowsException.java:89) ~[na:na]
	at java.base/sun.nio.fs.WindowsException.rethrowAsIOException(WindowsException.java:103) ~[na:na]
	at java.base/sun.nio.fs.WindowsException.rethrowAsIOException(WindowsException.java:108) ~[na:na]
	at java.base/sun.nio.fs.WindowsFileSystemProvider.implDelete(WindowsFileSystemProvider.java:273) ~[na:na]
	at java.base/sun.nio.fs.AbstractFileSystemProvider.delete(AbstractFileSystemProvider.java:104) ~[na:na]
	at java.base/java.nio.file.Files.delete(Files.java:1152) ~[na:na]
	at org.sqlite.SQLiteJDBCLoader.lambda$cleanup$1(SQLiteJDBCLoader.java:102) ~[sqlite-jdbc-3.46.0.0.jar:na]
	at java.base/java.util.stream.ForEachOps$ForEachOp$OfRef.accept(ForEachOps.java:184) ~[na:na]
	at java.base/java.util.stream.ReferencePipeline$2$1.accept(ReferencePipeline.java:194) ~[na:na]
	at java.base/java.util.Iterator.forEachRemaining(Iterator.java:133) ~[na:na]
	at java.base/java.util.Spliterators$IteratorSpliterator.forEachRemaining(Spliterators.java:1939) ~[na:na]
	at java.base/java.util.stream.AbstractPipeline.copyInto(AbstractPipeline.java:556) ~[na:na]
	at java.base/java.util.stream.AbstractPipeline.wrapAndCopyInto(AbstractPipeline.java:546) ~[na:na]
	at java.base/java.util.stream.ForEachOps$ForEachOp.evaluateSequential(ForEachOps.java:151) ~[na:na]
	at java.base/java.util.stream.ForEachOps$ForEachOp$OfRef.evaluateSequential(ForEachOps.java:174) ~[na:na]
	at java.base/java.util.stream.AbstractPipeline.evaluate(AbstractPipeline.java:265) ~[na:na]
	at java.base/java.util.stream.ReferencePipeline.forEach(ReferencePipeline.java:611) ~[na:na]
	at org.sqlite.SQLiteJDBCLoader.cleanup(SQLiteJDBCLoader.java:97) ~[sqlite-jdbc-3.46.0.0.jar:na]
	at org.sqlite.SQLiteJDBCLoader.initialize(SQLiteJDBCLoader.java:73) ~[sqlite-jdbc-3.46.0.0.jar:na]
	at org.sqlite.core.NativeDB.load(NativeDB.java:69) ~[sqlite-jdbc-3.46.0.0.jar:na]
	at org.sqlite.SQLiteConnection.open(SQLiteConnection.java:280) ~[sqlite-jdbc-3.46.0.0.jar:na]
	at org.sqlite.SQLiteConnection.<init>(SQLiteConnection.java:67) ~[sqlite-jdbc-3.46.0.0.jar:na]
	at org.sqlite.jdbc3.JDBC3Connection.<init>(JDBC3Connection.java:28) ~[sqlite-jdbc-3.46.0.0.jar:na]
	at org.sqlite.jdbc4.JDBC4Connection.<init>(JDBC4Connection.java:19) ~[sqlite-jdbc-3.46.0.0.jar:na]
	at org.sqlite.JDBC.createConnection(JDBC.java:106) ~[sqlite-jdbc-3.46.0.0.jar:na]
	at org.sqlite.JDBC.connect(JDBC.java:79) ~[sqlite-jdbc-3.46.0.0.jar:na]
	at com.zaxxer.hikari.util.DriverDataSource.getConnection(DriverDataSource.java:120) ~[HikariCP-5.1.0.jar:na]
	at com.zaxxer.hikari.pool.PoolBase.newConnection(PoolBase.java:360) ~[HikariCP-5.1.0.jar:na]
	at com.zaxxer.hikari.pool.PoolBase.newPoolEntry(PoolBase.java:202) ~[HikariCP-5.1.0.jar:na]
	at com.zaxxer.hikari.pool.HikariPool.createPoolEntry(HikariPool.java:461) ~[HikariCP-5.1.0.jar:na]
	at com.zaxxer.hikari.pool.HikariPool.checkFailFast(HikariPool.java:550) ~[HikariCP-5.1.0.jar:na]
	at com.zaxxer.hikari.pool.HikariPool.<init>(HikariPool.java:98) ~[HikariCP-5.1.0.jar:na]
	at com.zaxxer.hikari.HikariDataSource.getConnection(HikariDataSource.java:111) ~[HikariCP-5.1.0.jar:na]
	at org.hibernate.engine.jdbc.connections.internal.DatasourceConnectionProviderImpl.getConnection(DatasourceConnectionProviderImpl.java:122) ~[hibernate-core-6.5.3.Final.jar:6.5.3.Final]
	at org.hibernate.engine.jdbc.env.internal.JdbcEnvironmentInitiator$ConnectionProviderJdbcConnectionAccess.obtainConnection(JdbcEnvironmentInitiator.java:439) ~[hibernate-core-6.5.3.Final.jar:6.5.3.Final]
	at org.hibernate.resource.transaction.backend.jdbc.internal.JdbcIsolationDelegate.delegateWork(JdbcIsolationDelegate.java:61) ~[hibernate-core-6.5.3.Final.jar:6.5.3.Final]
	at org.hibernate.engine.jdbc.env.internal.JdbcEnvironmentInitiator.getJdbcEnvironmentUsingJdbcMetadata(JdbcEnvironmentInitiator.java:292) ~[hibernate-core-6.5.3.Final.jar:6.5.3.Final]
	at org.hibernate.engine.jdbc.env.internal.JdbcEnvironmentInitiator.initiateService(JdbcEnvironmentInitiator.java:124) ~[hibernate-core-6.5.3.Final.jar:6.5.3.Final]
	at org.hibernate.engine.jdbc.env.internal.JdbcEnvironmentInitiator.initiateService(JdbcEnvironmentInitiator.java:78) ~[hibernate-core-6.5.3.Final.jar:6.5.3.Final]
	at org.hibernate.boot.registry.internal.StandardServiceRegistryImpl.initiateService(StandardServiceRegistryImpl.java:130) ~[hibernate-core-6.5.3.Final.jar:6.5.3.Final]
	at org.hibernate.service.internal.AbstractServiceRegistryImpl.createService(AbstractServiceRegistryImpl.java:263) ~[hibernate-core-6.5.3.Final.jar:6.5.3.Final]
	at org.hibernate.service.internal.AbstractServiceRegistryImpl.initializeService(AbstractServiceRegistryImpl.java:238) ~[hibernate-core-6.5.3.Final.jar:6.5.3.Final]
	at org.hibernate.service.internal.AbstractServiceRegistryImpl.getService(AbstractServiceRegistryImpl.java:215) ~[hibernate-core-6.5.3.Final.jar:6.5.3.Final]
	at org.hibernate.boot.model.relational.Database.<init>(Database.java:45) ~[hibernate-core-6.5.3.Final.jar:6.5.3.Final]
	at org.hibernate.boot.internal.InFlightMetadataCollectorImpl.getDatabase(InFlightMetadataCollectorImpl.java:221) ~[hibernate-core-6.5.3.Final.jar:6.5.3.Final]
	at org.hibernate.boot.internal.InFlightMetadataCollectorImpl.<init>(InFlightMetadataCollectorImpl.java:189) ~[hibernate-core-6.5.3.Final.jar:6.5.3.Final]
	at org.hibernate.boot.model.process.spi.MetadataBuildingProcess.complete(MetadataBuildingProcess.java:171) ~[hibernate-core-6.5.3.Final.jar:6.5.3.Final]
	at org.hibernate.jpa.boot.internal.EntityManagerFactoryBuilderImpl.metadata(EntityManagerFactoryBuilderImpl.java:1431) ~[hibernate-core-6.5.3.Final.jar:6.5.3.Final]
	at org.hibernate.jpa.boot.internal.EntityManagerFactoryBuilderImpl.build(EntityManagerFactoryBuilderImpl.java:1502) ~[hibernate-core-6.5.3.Final.jar:6.5.3.Final]
	at org.springframework.orm.jpa.vendor.SpringHibernateJpaPersistenceProvider.createContainerEntityManagerFactory(SpringHibernateJpaPersistenceProvider.java:75) ~[spring-orm-6.1.13.jar:6.1.13]
	at org.springframework.orm.jpa.LocalContainerEntityManagerFactoryBean.createNativeEntityManagerFactory(LocalContainerEntityManagerFactoryBean.java:390) ~[spring-orm-6.1.13.jar:6.1.13]
	at org.springframework.orm.jpa.AbstractEntityManagerFactoryBean.buildNativeEntityManagerFactory(AbstractEntityManagerFactoryBean.java:409) ~[spring-orm-6.1.13.jar:6.1.13]
	at org.springframework.orm.jpa.AbstractEntityManagerFactoryBean.afterPropertiesSet(AbstractEntityManagerFactoryBean.java:396) ~[spring-orm-6.1.13.jar:6.1.13]
	at org.springframework.orm.jpa.LocalContainerEntityManagerFactoryBean.afterPropertiesSet(LocalContainerEntityManagerFactoryBean.java:366) ~[spring-orm-6.1.13.jar:6.1.13]
	at org.springframework.beans.factory.support.AbstractAutowireCapableBeanFactory.invokeInitMethods(AbstractAutowireCapableBeanFactory.java:1853) ~[spring-beans-6.1.13.jar:6.1.13]
	at org.springframework.beans.factory.support.AbstractAutowireCapableBeanFactory.initializeBean(AbstractAutowireCapableBeanFactory.java:1802) ~[spring-beans-6.1.13.jar:6.1.13]
	at org.springframework.beans.factory.support.AbstractAutowireCapableBeanFactory.doCreateBean(AbstractAutowireCapableBeanFactory.java:600) ~[spring-beans-6.1.13.jar:6.1.13]
	at org.springframework.beans.factory.support.AbstractAutowireCapableBeanFactory.createBean(AbstractAutowireCapableBeanFactory.java:522) ~[spring-beans-6.1.13.jar:6.1.13]
	at org.springframework.beans.factory.support.AbstractBeanFactory.lambda$doGetBean$0(AbstractBeanFactory.java:337) ~[spring-beans-6.1.13.jar:6.1.13]
	at org.springframework.beans.factory.support.DefaultSingletonBeanRegistry.getSingleton(DefaultSingletonBeanRegistry.java:234) ~[spring-beans-6.1.13.jar:6.1.13]
	at org.springframework.beans.factory.support.AbstractBeanFactory.doGetBean(AbstractBeanFactory.java:335) ~[spring-beans-6.1.13.jar:6.1.13]
	at org.springframework.beans.factory.support.AbstractBeanFactory.getBean(AbstractBeanFactory.java:205) ~[spring-beans-6.1.13.jar:6.1.13]
	at org.springframework.context.support.AbstractApplicationContext.finishBeanFactoryInitialization(AbstractApplicationContext.java:954) ~[spring-context-6.1.13.jar:6.1.13]
	at org.springframework.context.support.AbstractApplicationContext.refresh(AbstractApplicationContext.java:625) ~[spring-context-6.1.13.jar:6.1.13]
	at org.springframework.boot.SpringApplication.refresh(SpringApplication.java:754) ~[spring-boot-3.3.4.jar:3.3.4]
	at org.springframework.boot.SpringApplication.refreshContext(SpringApplication.java:456) ~[spring-boot-3.3.4.jar:3.3.4]
	at org.springframework.boot.SpringApplication.run(SpringApplication.java:335) ~[spring-boot-3.3.4.jar:3.3.4]
	at org.springframework.boot.builder.SpringApplicationBuilder.run(SpringApplicationBuilder.java:149) ~[spring-boot-3.3.4.jar:3.3.4]
	at pe.edu.upeu.syspasteleriadulcesitofx.SysPasteleriaDulcesitoFxApplication.init(SysPasteleriaDulcesitoFxApplication.java:29) ~[classes/:na]
	at com.sun.javafx.application.LauncherImpl.launchApplication1(LauncherImpl.java:824) ~[javafx-graphics-16-win.jar:na]
	at com.sun.javafx.application.LauncherImpl.lambda$launchApplication$2(LauncherImpl.java:195) ~[javafx-graphics-16-win.jar:na]
	at java.base/java.lang.Thread.run(Thread.java:1570) ~[na:na]

2024-11-05T03:09:54.874-05:00  INFO 1192 --- [SysPasteleriaDulcesitoFx] [JavaFX-Launcher] com.zaxxer.hikari.pool.HikariPool        : HikariPool-1 - Added connection org.sqlite.jdbc4.JDBC4Connection@3214433
2024-11-05T03:09:54.878-05:00  INFO 1192 --- [SysPasteleriaDulcesitoFx] [JavaFX-Launcher] com.zaxxer.hikari.HikariDataSource       : HikariPool-1 - Start completed.
2024-11-05T03:09:57.577-05:00  INFO 1192 --- [SysPasteleriaDulcesitoFx] [JavaFX-Launcher] o.h.e.t.j.p.i.JtaPlatformInitiator       : HHH000489: No JTA platform available (set 'hibernate.transaction.jta.platform' to enable JTA platform integration)
2024-11-05T03:09:57.649-05:00  INFO 1192 --- [SysPasteleriaDulcesitoFx] [JavaFX-Launcher] j.LocalContainerEntityManagerFactoryBean : Initialized JPA EntityManagerFactory for persistence unit 'default'
2024-11-05T03:09:58.430-05:00  INFO 1192 --- [SysPasteleriaDulcesitoFx] [JavaFX-Launcher] o.s.d.j.r.query.QueryEnhancerFactory     : Hibernate is in classpath; If applicable, HQL parser will be used.
2024-11-05T03:09:59.631-05:00  INFO 1192 --- [SysPasteleriaDulcesitoFx] [JavaFX-Launcher] o.s.boot.SpringApplication               : Started application in 11.037 seconds (process running for 17.241)
2024-11-05T03:16:25.325-05:00  INFO 1192 --- [SysPasteleriaDulcesitoFx] [SpringApplicationShutdownHook] j.LocalContainerEntityManagerFactoryBean : Closing JPA EntityManagerFactory for persistence unit 'default'
2024-11-05T03:16:25.512-05:00  INFO 1192 --- [SysPasteleriaDulcesitoFx] [SpringApplicationShutdownHook] com.zaxxer.hikari.HikariDataSource       : HikariPool-1 - Shutdown initiated...
2024-11-05T03:16:25.582-05:00  INFO 1192 --- [SysPasteleriaDulcesitoFx] [SpringApplicationShutdownHook] com.zaxxer.hikari.HikariDataSource       : HikariPool-1 - Shutdown completed.
2024-11-05T03:16:31.554-05:00  INFO 5036 --- [SysPasteleriaDulcesitoFx] [JavaFX-Launcher] o.s.boot.SpringApplication               : Starting application using Java 22 with PID 5036 (started by ASUS in C:\EVALUACION (YEFRI-ANDRE)\EVALUACION-U2\SysPasteleriaDulcesitoFx)
2024-11-05T03:16:31.557-05:00  INFO 5036 --- [SysPasteleriaDulcesitoFx] [JavaFX-Launcher] o.s.boot.SpringApplication               : No active profile set, falling back to 1 default profile: "default"
2024-11-05T03:16:32.583-05:00  INFO 5036 --- [SysPasteleriaDulcesitoFx] [JavaFX-Launcher] .s.d.r.c.RepositoryConfigurationDelegate : Bootstrapping Spring Data JPA repositories in DEFAULT mode.
2024-11-05T03:16:32.704-05:00  INFO 5036 --- [SysPasteleriaDulcesitoFx] [JavaFX-Launcher] .s.d.r.c.RepositoryConfigurationDelegate : Finished Spring Data repository scanning in 112 ms. Found 15 JPA repository interfaces.
2024-11-05T03:16:33.752-05:00  INFO 5036 --- [SysPasteleriaDulcesitoFx] [JavaFX-Launcher] o.hibernate.jpa.internal.util.LogHelper  : HHH000204: Processing PersistenceUnitInfo [name: default]
2024-11-05T03:16:33.903-05:00  INFO 5036 --- [SysPasteleriaDulcesitoFx] [JavaFX-Launcher] org.hibernate.Version                    : HHH000412: Hibernate ORM core version 6.5.3.Final
2024-11-05T03:16:33.988-05:00  INFO 5036 --- [SysPasteleriaDulcesitoFx] [JavaFX-Launcher] o.h.c.internal.RegionFactoryInitiator    : HHH000026: Second-level cache disabled
2024-11-05T03:16:35.016-05:00  INFO 5036 --- [SysPasteleriaDulcesitoFx] [JavaFX-Launcher] o.s.o.j.p.SpringPersistenceUnitInfo      : No LoadTimeWeaver setup: ignoring JPA class transformer
2024-11-05T03:16:35.053-05:00  INFO 5036 --- [SysPasteleriaDulcesitoFx] [JavaFX-Launcher] com.zaxxer.hikari.HikariDataSource       : HikariPool-1 - Starting...
2024-11-05T03:16:35.437-05:00  INFO 5036 --- [SysPasteleriaDulcesitoFx] [JavaFX-Launcher] com.zaxxer.hikari.pool.HikariPool        : HikariPool-1 - Added connection org.sqlite.jdbc4.JDBC4Connection@5701a263
2024-11-05T03:16:35.442-05:00  INFO 5036 --- [SysPasteleriaDulcesitoFx] [JavaFX-Launcher] com.zaxxer.hikari.HikariDataSource       : HikariPool-1 - Start completed.
2024-11-05T03:16:37.202-05:00  INFO 5036 --- [SysPasteleriaDulcesitoFx] [JavaFX-Launcher] o.h.e.t.j.p.i.JtaPlatformInitiator       : HHH000489: No JTA platform available (set 'hibernate.transaction.jta.platform' to enable JTA platform integration)
2024-11-05T03:16:37.259-05:00  INFO 5036 --- [SysPasteleriaDulcesitoFx] [JavaFX-Launcher] j.LocalContainerEntityManagerFactoryBean : Initialized JPA EntityManagerFactory for persistence unit 'default'
2024-11-05T03:16:37.670-05:00  INFO 5036 --- [SysPasteleriaDulcesitoFx] [JavaFX-Launcher] o.s.d.j.r.query.QueryEnhancerFactory     : Hibernate is in classpath; If applicable, HQL parser will be used.
2024-11-05T03:16:38.143-05:00  INFO 5036 --- [SysPasteleriaDulcesitoFx] [JavaFX-Launcher] o.s.boot.SpringApplication               : Started application in 7.932 seconds (process running for 9.426)
2024-11-05T03:25:43.773-05:00  INFO 5036 --- [SysPasteleriaDulcesitoFx] [SpringApplicationShutdownHook] j.LocalContainerEntityManagerFactoryBean : Closing JPA EntityManagerFactory for persistence unit 'default'
2024-11-05T03:25:43.916-05:00  INFO 5036 --- [SysPasteleriaDulcesitoFx] [SpringApplicationShutdownHook] com.zaxxer.hikari.HikariDataSource       : HikariPool-1 - Shutdown initiated...
2024-11-05T03:25:43.998-05:00  INFO 5036 --- [SysPasteleriaDulcesitoFx] [SpringApplicationShutdownHook] com.zaxxer.hikari.HikariDataSource       : HikariPool-1 - Shutdown completed.
2024-11-05T09:26:17.510-05:00  INFO 19260 --- [SysPasteleriaDulcesitoFx] [JavaFX-Launcher] o.s.boot.SpringApplication               : Starting application using Java 22 with PID 19260 (started by ASUS in C:\EVALUACION (YEFRI-ANDRE)\EVALUACION-U2\SysPasteleriaDulcesitoFx)
2024-11-05T09:26:17.513-05:00  INFO 19260 --- [SysPasteleriaDulcesitoFx] [JavaFX-Launcher] o.s.boot.SpringApplication               : No active profile set, falling back to 1 default profile: "default"
2024-11-05T09:26:18.448-05:00  INFO 19260 --- [SysPasteleriaDulcesitoFx] [JavaFX-Launcher] .s.d.r.c.RepositoryConfigurationDelegate : Bootstrapping Spring Data JPA repositories in DEFAULT mode.
2024-11-05T09:26:18.558-05:00  INFO 19260 --- [SysPasteleriaDulcesitoFx] [JavaFX-Launcher] .s.d.r.c.RepositoryConfigurationDelegate : Finished Spring Data repository scanning in 101 ms. Found 15 JPA repository interfaces.
2024-11-05T09:26:19.098-05:00  INFO 19260 --- [SysPasteleriaDulcesitoFx] [JavaFX-Launcher] o.hibernate.jpa.internal.util.LogHelper  : HHH000204: Processing PersistenceUnitInfo [name: default]
2024-11-05T09:26:19.189-05:00  INFO 19260 --- [SysPasteleriaDulcesitoFx] [JavaFX-Launcher] org.hibernate.Version                    : HHH000412: Hibernate ORM core version 6.5.3.Final
2024-11-05T09:26:19.230-05:00  INFO 19260 --- [SysPasteleriaDulcesitoFx] [JavaFX-Launcher] o.h.c.internal.RegionFactoryInitiator    : HHH000026: Second-level cache disabled
2024-11-05T09:26:19.596-05:00  INFO 19260 --- [SysPasteleriaDulcesitoFx] [JavaFX-Launcher] o.s.o.j.p.SpringPersistenceUnitInfo      : No LoadTimeWeaver setup: ignoring JPA class transformer
2024-11-05T09:26:19.629-05:00  INFO 19260 --- [SysPasteleriaDulcesitoFx] [JavaFX-Launcher] com.zaxxer.hikari.HikariDataSource       : HikariPool-1 - Starting...
2024-11-05T09:26:19.903-05:00  INFO 19260 --- [SysPasteleriaDulcesitoFx] [JavaFX-Launcher] com.zaxxer.hikari.pool.HikariPool        : HikariPool-1 - Added connection org.sqlite.jdbc4.JDBC4Connection@e65859
2024-11-05T09:26:19.905-05:00  INFO 19260 --- [SysPasteleriaDulcesitoFx] [JavaFX-Launcher] com.zaxxer.hikari.HikariDataSource       : HikariPool-1 - Start completed.
2024-11-05T09:26:21.383-05:00  INFO 19260 --- [SysPasteleriaDulcesitoFx] [JavaFX-Launcher] o.h.e.t.j.p.i.JtaPlatformInitiator       : HHH000489: No JTA platform available (set 'hibernate.transaction.jta.platform' to enable JTA platform integration)
2024-11-05T09:26:21.434-05:00  INFO 19260 --- [SysPasteleriaDulcesitoFx] [JavaFX-Launcher] j.LocalContainerEntityManagerFactoryBean : Initialized JPA EntityManagerFactory for persistence unit 'default'
2024-11-05T09:26:21.761-05:00  INFO 19260 --- [SysPasteleriaDulcesitoFx] [JavaFX-Launcher] o.s.d.j.r.query.QueryEnhancerFactory     : Hibernate is in classpath; If applicable, HQL parser will be used.
2024-11-05T09:26:22.145-05:00  INFO 19260 --- [SysPasteleriaDulcesitoFx] [JavaFX-Launcher] o.s.boot.SpringApplication               : Started application in 5.583 seconds (process running for 6.713)
